<?xml version="1.0" encoding="UTF-8"?>
<!-- Generated by org.testng.reporters.JUnitReportReporter -->
<testsuite skipped="0" hostname="Miloš" name="testsBE1andBE2.TestConfirmation" tests="2" failures="0" timestamp="2020-08-26T07:19:28 CEST" time="6.582" errors="0">
  <testcase name="ConvertCurrencies" time="4.097" classname="testsBE1andBE2.TestConfirmation"/>
  <system-out/>
  <testcase name="confirmationTest" time="2.485" classname="testsBE1andBE2.TestConfirmation"/>
  <system-out/>
</testsuite> <!-- testsBE1andBE2.TestConfirmation -->
